[debug] [2023-11-23T17:36:36.488Z] ----------------------------------------------------------------------
[debug] [2023-11-23T17:36:36.491Z] Command:       D:\node js\node.exe C:\Users\Faizan Raza\AppData\Roaming\npm\node_modules\firebase-tools\lib\bin\firebase.js init
[debug] [2023-11-23T17:36:36.492Z] CLI Version:   12.9.1
[debug] [2023-11-23T17:36:36.492Z] Platform:      win32
[debug] [2023-11-23T17:36:36.492Z] Node Version:  v20.5.0
[debug] [2023-11-23T17:36:36.492Z] Time:          Thu Nov 23 2023 23:06:36 GMT+0530 (India Standard Time)
[debug] [2023-11-23T17:36:36.493Z] ----------------------------------------------------------------------
[debug] 
[debug] [2023-11-23T17:36:36.496Z] >>> [apiv2][query] GET https://firebase-public.firebaseio.com/cli.json [none]
[debug] [2023-11-23T17:36:36.550Z] > command requires scopes: ["email","openid","https://www.googleapis.com/auth/cloudplatformprojects.readonly","https://www.googleapis.com/auth/firebase","https://www.googleapis.com/auth/cloud-platform"]
[debug] [2023-11-23T17:36:36.551Z] > authorizing via signed-in user (faizanms025347@gmail.com)
[info] 
     ######## #### ########  ######## ########     ###     ######  ########
     ##        ##  ##     ## ##       ##     ##  ##   ##  ##       ##
     ######    ##  ########  ######   ########  #########  ######  ######
     ##        ##  ##    ##  ##       ##     ## ##     ##       ## ##
     ##       #### ##     ## ######## ########  ##     ##  ######  ########

You're about to initialize a Firebase project in this directory:

  D:\React\Student-collaboration-hub\collab-hub

[debug] [2023-11-23T17:36:37.450Z] <<< [apiv2][status] GET https://firebase-public.firebaseio.com/cli.json 200
[debug] [2023-11-23T17:36:37.452Z] <<< [apiv2][body] GET https://firebase-public.firebaseio.com/cli.json {"cloudBuildErrorAfter":1594252800000,"cloudBuildWarnAfter":1590019200000,"defaultNode10After":1594252800000,"minVersion":"3.0.5","node8DeploysDisabledAfter":1613390400000,"node8RuntimeDisabledAfter":1615809600000,"node8WarnAfter":1600128000000}
[info] 
=== Project Setup
[info] 
[info] First, let's associate this project directory with a Firebase project.
[info] You can create multiple project aliases by running firebase use --add, 
[info] but for now we'll just set up a default project.
[info] 
[debug] [2023-11-23T17:37:49.887Z] > refreshing access token with scopes: []
[debug] [2023-11-23T17:37:49.889Z] >>> [apiv2][query] POST https://www.googleapis.com/oauth2/v3/token [none]
[debug] [2023-11-23T17:37:49.889Z] >>> [apiv2][body] POST https://www.googleapis.com/oauth2/v3/token [omitted]
[debug] [2023-11-23T17:37:50.225Z] <<< [apiv2][status] POST https://www.googleapis.com/oauth2/v3/token 200
[debug] [2023-11-23T17:37:50.226Z] <<< [apiv2][body] POST https://www.googleapis.com/oauth2/v3/token [omitted]
[debug] [2023-11-23T17:37:50.253Z] >>> [apiv2][query] GET https://firebase.googleapis.com/v1beta1/projects pageSize=100
[debug] [2023-11-23T17:37:51.113Z] <<< [apiv2][status] GET https://firebase.googleapis.com/v1beta1/projects 200
[debug] [2023-11-23T17:37:51.113Z] <<< [apiv2][body] GET https://firebase.googleapis.com/v1beta1/projects [omitted]
[info] i  Using project collab-hub-86438 (collab-hub) 
[info] 
=== Functions Setup
[debug] [2023-11-23T17:37:55.954Z] > command requires scopes: ["email","openid","https://www.googleapis.com/auth/cloudplatformprojects.readonly","https://www.googleapis.com/auth/firebase","https://www.googleapis.com/auth/cloud-platform"]
[debug] [2023-11-23T17:37:55.954Z] > authorizing via signed-in user (faizanms025347@gmail.com)
[debug] [2023-11-23T17:37:55.954Z] [iam] checking project collab-hub-86438 for permissions ["firebase.projects.get"]
[debug] [2023-11-23T17:37:55.955Z] >>> [apiv2][query] POST https://cloudresourcemanager.googleapis.com/v1/projects/collab-hub-86438:testIamPermissions [none]
[debug] [2023-11-23T17:37:55.955Z] >>> [apiv2][(partial)header] POST https://cloudresourcemanager.googleapis.com/v1/projects/collab-hub-86438:testIamPermissions x-goog-quota-user=projects/collab-hub-86438
[debug] [2023-11-23T17:37:55.955Z] >>> [apiv2][body] POST https://cloudresourcemanager.googleapis.com/v1/projects/collab-hub-86438:testIamPermissions {"permissions":["firebase.projects.get"]}
[debug] [2023-11-23T17:37:57.714Z] <<< [apiv2][status] POST https://cloudresourcemanager.googleapis.com/v1/projects/collab-hub-86438:testIamPermissions 200
[debug] [2023-11-23T17:37:57.715Z] <<< [apiv2][body] POST https://cloudresourcemanager.googleapis.com/v1/projects/collab-hub-86438:testIamPermissions {"permissions":["firebase.projects.get"]}
[debug] [2023-11-23T17:37:57.716Z] >>> [apiv2][query] GET https://serviceusage.googleapis.com/v1/projects/collab-hub-86438/services/cloudfunctions.googleapis.com [none]
[debug] [2023-11-23T17:37:57.716Z] >>> [apiv2][(partial)header] GET https://serviceusage.googleapis.com/v1/projects/collab-hub-86438/services/cloudfunctions.googleapis.com x-goog-quota-user=projects/collab-hub-86438
[debug] [2023-11-23T17:37:57.719Z] >>> [apiv2][query] GET https://serviceusage.googleapis.com/v1/projects/collab-hub-86438/services/runtimeconfig.googleapis.com [none]
[debug] [2023-11-23T17:37:57.719Z] >>> [apiv2][(partial)header] GET https://serviceusage.googleapis.com/v1/projects/collab-hub-86438/services/runtimeconfig.googleapis.com x-goog-quota-user=projects/collab-hub-86438
[debug] [2023-11-23T17:37:59.797Z] <<< [apiv2][status] GET https://serviceusage.googleapis.com/v1/projects/collab-hub-86438/services/runtimeconfig.googleapis.com 200
[debug] [2023-11-23T17:37:59.797Z] <<< [apiv2][body] GET https://serviceusage.googleapis.com/v1/projects/collab-hub-86438/services/runtimeconfig.googleapis.com [omitted]
[debug] [2023-11-23T17:37:59.807Z] <<< [apiv2][status] GET https://serviceusage.googleapis.com/v1/projects/collab-hub-86438/services/cloudfunctions.googleapis.com 200
[debug] [2023-11-23T17:37:59.807Z] <<< [apiv2][body] GET https://serviceusage.googleapis.com/v1/projects/collab-hub-86438/services/cloudfunctions.googleapis.com [omitted]
[debug] [2023-11-23T17:37:59.808Z] >>> [apiv2][query] POST https://serviceusage.googleapis.com/v1/projects/collab-hub-86438/services/cloudfunctions.googleapis.com:enable [none]
[debug] [2023-11-23T17:37:59.808Z] >>> [apiv2][(partial)header] POST https://serviceusage.googleapis.com/v1/projects/collab-hub-86438/services/cloudfunctions.googleapis.com:enable x-goog-quota-user=projects/collab-hub-86438
[debug] [2023-11-23T17:38:00.370Z] <<< [apiv2][status] POST https://serviceusage.googleapis.com/v1/projects/collab-hub-86438/services/cloudfunctions.googleapis.com:enable 200
[debug] [2023-11-23T17:38:00.370Z] <<< [apiv2][body] POST https://serviceusage.googleapis.com/v1/projects/collab-hub-86438/services/cloudfunctions.googleapis.com:enable [omitted]
[debug] [2023-11-23T17:38:10.379Z] >>> [apiv2][query] GET https://serviceusage.googleapis.com/v1/projects/collab-hub-86438/services/cloudfunctions.googleapis.com [none]
[debug] [2023-11-23T17:38:10.379Z] >>> [apiv2][(partial)header] GET https://serviceusage.googleapis.com/v1/projects/collab-hub-86438/services/cloudfunctions.googleapis.com x-goog-quota-user=projects/collab-hub-86438
[debug] [2023-11-23T17:38:12.267Z] <<< [apiv2][status] GET https://serviceusage.googleapis.com/v1/projects/collab-hub-86438/services/cloudfunctions.googleapis.com 200
[debug] [2023-11-23T17:38:12.267Z] <<< [apiv2][body] GET https://serviceusage.googleapis.com/v1/projects/collab-hub-86438/services/cloudfunctions.googleapis.com [omitted]
[info] Let's create a new codebase for your functions.
[info] A directory corresponding to the codebase will be created in your project
[info] with sample code pre-configured.

[info] See https://firebase.google.com/docs/functions/organize-functions for
[info] more information on organizing your functions using codebases.

[info] Functions can be deployed with firebase deploy.

[info] +  Wrote functions/package.json 
[info] +  Wrote functions/.eslintrc.js 
[info] +  Wrote functions/index.js 
[info] +  Wrote functions/.gitignore 
[info] 
=== Hosting Setup
[debug] [2023-11-23T17:39:24.954Z] >>> [apiv2][query] GET https://firebase.googleapis.com/v1beta1/projects/collab-hub-86438 [none]
[debug] [2023-11-23T17:39:25.708Z] <<< [apiv2][status] GET https://firebase.googleapis.com/v1beta1/projects/collab-hub-86438 200
[debug] [2023-11-23T17:39:25.708Z] <<< [apiv2][body] GET https://firebase.googleapis.com/v1beta1/projects/collab-hub-86438 {"projectId":"collab-hub-86438","projectNumber":"997870717373","displayName":"collab-hub","name":"projects/collab-hub-86438","resources":{"hostingSite":"collab-hub-86438","realtimeDatabaseInstance":"collab-hub-86438-default-rtdb","storageBucket":"collab-hub-86438.appspot.com","locationId":"us-central"},"state":"ACTIVE","etag":"1_e7c11395-fa8b-4aec-bb4f-f2a4aa1a8882"}
[info] 
[info] Your public directory is the folder (relative to your project directory) that
[info] will contain Hosting assets to be uploaded with firebase deploy. If you
[info] have a build process for your assets, use your build's output directory.
[info] 
[info] +  Wrote public/404.html 
[debug] [2023-11-23T17:40:32.118Z] >>> [apiv2][query] GET https://www.gstatic.com/firebasejs/releases.json [none]
[debug] [2023-11-23T17:40:32.353Z] <<< [apiv2][status] GET https://www.gstatic.com/firebasejs/releases.json 200
[debug] [2023-11-23T17:40:32.353Z] <<< [apiv2][body] GET https://www.gstatic.com/firebasejs/releases.json {"current":{"version":"10.6.0","browserURL":"https://www.gstatic.com/firebasejs/10.6.0/firebase.js","packageURL":"https://www.gstatic.com/firebasejs/10.6.0/firebase.tgz"},"live":{"version":"10.6","browserURL":"https://www.gstatic.com/firebasejs/live/10.6/firebase.js","packageURL":"https://www.gstatic.com/firebasejs/live/10.6/firebase.tgz"},"components":{"analytics":"https://www.gstatic.com/firebasejs/10.6.0/firebase-analytics.js","app":"https://www.gstatic.com/firebasejs/10.6.0/firebase-app.js","app-check":"https://www.gstatic.com/firebasejs/10.6.0/firebase-app-check.js","auth":"https://www.gstatic.com/firebasejs/10.6.0/firebase-auth.js","auth/cordova":"https://www.gstatic.com/firebasejs/10.6.0/firebase-auth/cordova.js","functions":"https://www.gstatic.com/firebasejs/10.6.0/firebase-functions.js","firestore":"https://www.gstatic.com/firebasejs/10.6.0/firebase-firestore.js","firestore/lite":"https://www.gstatic.com/firebasejs/10.6.0/firebase-firestore/lite.js","installations":"https://www.gstatic.com/firebasejs/10.6.0/firebase-installations.js","storage":"https://www.gstatic.com/firebasejs/10.6.0/firebase-storage.js","performance":"https://www.gstatic.com/firebasejs/10.6.0/firebase-performance.js","remote-config":"https://www.gstatic.com/firebasejs/10.6.0/firebase-remote-config.js","messaging":"https://www.gstatic.com/firebasejs/10.6.0/firebase-messaging.js","messaging/sw":"https://www.gstatic.com/firebasejs/10.6.0/firebase-messaging/sw.js","database":"https://www.gstatic.com/firebasejs/10.6.0/firebase-database.js","firestore.memory":"https://www.gstatic.com/firebasejs/10.6.0/firebase-firestore.memory.js"}}
[info] +  Wrote public/index.html 
[info] 
[info] i  Detected a .git folder at D:\React\Student-collaboration-hub 
[info] i  Authorizing with GitHub to upload your service account to a GitHub repository's secrets store. 
[info] 
[info] Visit this URL on this device to log in:
[info] https://github.com/login/oauth/authorize?client_id=89cf50f02ac6aaed3484&state=739009293&redirect_uri=http%3A%2F%2Flocalhost%3A9005&scope=read%3Auser%20repo%20public_repo
[info] 
[info] Waiting for authentication...
[debug] [2023-11-23T17:41:28.881Z] >>> [apiv2][query] POST https://github.com/login/oauth/access_token [none]
[debug] [2023-11-23T17:41:28.881Z] >>> [apiv2][body] POST https://github.com/login/oauth/access_token [stream]
[debug] [2023-11-23T17:41:29.322Z] <<< [apiv2][status] POST https://github.com/login/oauth/access_token 200
[debug] [2023-11-23T17:41:29.323Z] <<< [apiv2][body] POST https://github.com/login/oauth/access_token {"access_token":"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","token_type":"bearer","scope":"read:user,repo"}
[debug] [2023-11-23T17:41:29.337Z] >>> [apiv2][query] GET https://api.github.com/user [none]
[debug] [2023-11-23T17:41:30.131Z] <<< [apiv2][status] GET https://api.github.com/user 200
[debug] [2023-11-23T17:41:30.131Z] <<< [apiv2][body] GET https://api.github.com/user {"login":"faizanr27","id":143700173,"node_id":"U_kgDOCJCwzQ","avatar_url":"https://avatars.githubusercontent.com/u/143700173?v=4","gravatar_id":"","url":"https://api.github.com/users/faizanr27","html_url":"https://github.com/faizanr27","followers_url":"https://api.github.com/users/faizanr27/followers","following_url":"https://api.github.com/users/faizanr27/following{/other_user}","gists_url":"https://api.github.com/users/faizanr27/gists{/gist_id}","starred_url":"https://api.github.com/users/faizanr27/starred{/owner}{/repo}","subscriptions_url":"https://api.github.com/users/faizanr27/subscriptions","organizations_url":"https://api.github.com/users/faizanr27/orgs","repos_url":"https://api.github.com/users/faizanr27/repos","events_url":"https://api.github.com/users/faizanr27/events{/privacy}","received_events_url":"https://api.github.com/users/faizanr27/received_events","type":"User","site_admin":false,"name":"Faizan Raza","company":null,"blog":"","location":null,"email":null,"hireable":null,"bio":null,"twitter_username":null,"public_repos":9,"public_gists":2,"followers":1,"following":2,"created_at":"2023-08-31T08:39:46Z","updated_at":"2023-11-19T15:07:32Z","private_gists":0,"total_private_repos":1,"owned_private_repos":1,"disk_usage":32242,"collaborators":0,"two_factor_authentication":false,"plan":{"name":"free","space":976562499,"collaborators":0,"private_repos":10000}}
[info] 
[info] +  Success! Logged into GitHub as faizanr27 
[info] 
[debug] [2023-11-23T17:42:03.235Z] >>> [apiv2][query] GET https://api.github.com/repos//actions/secrets/public-key type=owner
[debug] [2023-11-23T17:42:07.572Z] <<< [apiv2][status] GET https://api.github.com/repos//actions/secrets/public-key 404
[debug] [2023-11-23T17:42:07.572Z] <<< [apiv2][body] GET https://api.github.com/repos//actions/secrets/public-key {"message":"Not Found","documentation_url":"https://docs.github.com/rest"}
[info] 
[info] 
[error] !  The provided authorization cannot be used with this repository. If this repository is in an organization, did you remember to grant access? 
[info] 
[info] i  Action required: Visit this URL to ensure access has been granted to the appropriate organization(s) for the Firebase CLI GitHub OAuth App: 
[info] https://github.com/settings/connections/applications/89cf50f02ac6aaed3484
[info] 
[debug] [2023-11-23T17:43:53.299Z] >>> [apiv2][query] GET https://api.github.com/repos/faizanr27/collabhub/actions/secrets/public-key type=owner
[debug] [2023-11-23T17:43:54.001Z] <<< [apiv2][status] GET https://api.github.com/repos/faizanr27/collabhub/actions/secrets/public-key 404
[debug] [2023-11-23T17:43:54.002Z] <<< [apiv2][body] GET https://api.github.com/repos/faizanr27/collabhub/actions/secrets/public-key {"message":"Not Found","documentation_url":"https://docs.github.com/rest/actions/secrets#get-a-repository-public-key"}
[info] 
[info] 
[error] !  The provided authorization cannot be used with this repository. If this repository is in an organization, did you remember to grant access? 
[info] 
[info] i  Action required: Visit this URL to ensure access has been granted to the appropriate organization(s) for the Firebase CLI GitHub OAuth App: 
[info] https://github.com/settings/connections/applications/89cf50f02ac6aaed3484
[info] 
[debug] [2023-11-23T17:44:14.290Z] >>> [apiv2][query] GET https://api.github.com/repos/faizanr27/colla-hub/actions/secrets/public-key type=owner
[debug] [2023-11-23T17:44:14.723Z] <<< [apiv2][status] GET https://api.github.com/repos/faizanr27/colla-hub/actions/secrets/public-key 404
[debug] [2023-11-23T17:44:14.723Z] <<< [apiv2][body] GET https://api.github.com/repos/faizanr27/colla-hub/actions/secrets/public-key {"message":"Not Found","documentation_url":"https://docs.github.com/rest/actions/secrets#get-a-repository-public-key"}
[info] 
[info] 
[error] !  The provided authorization cannot be used with this repository. If this repository is in an organization, did you remember to grant access? 
[info] 
[info] i  Action required: Visit this URL to ensure access has been granted to the appropriate organization(s) for the Firebase CLI GitHub OAuth App: 
[info] https://github.com/settings/connections/applications/89cf50f02ac6aaed3484
[info] 
